<?xml version="1.0" encoding="UTF-8"?>
<!-- Generated by org.testng.reporters.JUnitXMLReporter -->
<testsuite hostname="SARATH" ignored="2" name="Default test(failed)" tests="1" failures="1" timestamp="29 Jul 2021 11:52:29 GMT" time="0.082" errors="0">
  <testcase name="tc31" time="0.033" classname="org.login.Test1">
    <failure type="java.lang.AssertionError" message="expected [true] but found [false]">
      <![CDATA[java.lang.AssertionError: expected [true] but found [false]
at org.login.Test1.tc31(Test1.java:32)
... Removed 29 stack frames]]>
    </failure>
  </testcase> <!-- tc31 -->
  <testcase name="tc21" time="0.0" classname="org.login.Test1">
    <ignored/>
  </testcase> <!-- tc21 -->
  <testcase name="tc11" time="0.0" classname="org.login.Test1">
    <ignored/>
  </testcase> <!-- tc11 -->
</testsuite> <!-- Default test(failed) -->
